<?xml version="1.0" encoding="UTF-8"?>
<!-- Generated by org.testng.reporters.JUnitReportReporter -->
<testsuite hostname="LAPTOP-6I041NL7" failures="0" tests="1" name="Runner.RunnerTest" time="19.010" errors="0" timestamp="2025-07-07T20:25:48 IST" skipped="0">
  <testcase classname="Runner.RunnerTest" name="runScenario" time="19.010"/>
  <system-out/>
</testsuite> <!-- Runner.RunnerTest -->
